<?xml version="1.0" encoding="UTF-8"?>
<!-- Generated by org.testng.reporters.JUnitReportReporter -->
<testsuite hostname="RadwaH-HR" failures="0" tests="1" name="workingWithElemenets.CheckBrokenLinks" time="49.104" errors="0" timestamp="2023-11-09T00:28:51 EET" skipped="0">
  <testcase classname="workingWithElemenets.CheckBrokenLinks" name="testBrokenLinks" time="49.104"/>
  <system-out/>
</testsuite> <!-- workingWithElemenets.CheckBrokenLinks -->
