<?xml version="1.0" encoding="UTF-8"?>
<!-- Generated by org.testng.reporters.JUnitReportReporter -->
<testsuite hostname="RadwaH-HR" failures="0" tests="1" name="workingWithElemenets.DoubleClickWithActions" time="0.253" errors="0" timestamp="2023-11-02T19:11:18 EET" skipped="0">
  <testcase classname="workingWithElemenets.DoubleClickWithActions" name="testDoubleClick" time="0.253"/>
  <system-out/>
</testsuite> <!-- workingWithElemenets.DoubleClickWithActions -->
