<?xml version="1.0" encoding="UTF-8"?>
<!-- Generated by org.testng.reporters.JUnitReportReporter -->
<testsuite hostname="RadwaH-HR" failures="0" tests="1" name="findingElements.FindElementsTest" time="0.656" errors="0" timestamp="2023-10-31T22:48:53 EET" skipped="0">
  <testcase classname="findingElements.FindElementsTest" name="findElementsTest" time="0.656"/>
  <system-out/>
</testsuite> <!-- findingElements.FindElementsTest -->
