<?xml version="1.0" encoding="UTF-8"?>
<!-- Generated by org.testng.reporters.JUnitReportReporter -->
<testsuite hostname="RadwaH-HR" failures="0" tests="1" name="workingWithElemenets.WorkingWithElementIsPresent" time="4.603" errors="0" timestamp="2023-11-02T17:53:27 EET" skipped="0">
  <testcase classname="workingWithElemenets.WorkingWithElementIsPresent" name="testELEMENTIsPresent" time="4.603"/>
  <system-out/>
</testsuite> <!-- workingWithElemenets.WorkingWithElementIsPresent -->
