<?xml version="1.0" encoding="UTF-8"?>
<!-- Generated by org.testng.reporters.JUnitReportReporter -->
<testsuite hostname="RadwaH-HR" failures="0" tests="3" name="workingWithElemenets.WorkingWithHandleMulipleWindows" time="2.054" errors="0" timestamp="2023-11-06T15:31:01 EET" skipped="1">
  <testcase classname="workingWithElemenets.WorkingWithHandleMulipleWindows" name="testMulipleWindowsUsingTitle" time="1.297"/>
  <system-out/>
  <testcase classname="workingWithElemenets.WorkingWithHandleMulipleWindows" name="testMulipleWindowsByNllame" time="0.757"/>
  <system-out/>
  <testcase classname="workingWithElemenets.WorkingWithHandleMulipleWindows" name="testMulipleWindowsByName">
    <skipped/>
  </testcase> <!-- testMulipleWindowsByName -->
  <system-out/>
</testsuite> <!-- workingWithElemenets.WorkingWithHandleMulipleWindows -->
