<?xml version="1.0" encoding="UTF-8"?>
<!-- Generated by org.testng.reporters.JUnitReportReporter -->
<testsuite hostname="RadwaH-HR" failures="0" tests="2" name="workingWithElemenets.WorkingWithPrompetAlert" time="0.163" errors="0" timestamp="2023-11-02T20:14:37 EET" skipped="1">
  <testcase classname="workingWithElemenets.WorkingWithPrompetAlert" name="testPrompetAlert" time="0.163"/>
  <system-out/>
  <testcase classname="workingWithElemenets.WorkingWithPrompetAlert" name="testPrometAlertt">
    <skipped/>
  </testcase> <!-- testPrometAlertt -->
  <system-out/>
</testsuite> <!-- workingWithElemenets.WorkingWithPrompetAlert -->
