<?xml version="1.0" encoding="UTF-8"?>
<!-- Generated by org.testng.reporters.JUnitReportReporter -->
<testsuite hostname="RadwaH-HR" failures="0" tests="3" name="workingWithElemenets.WorkingWithExplicitWait" time="5.115" errors="0" timestamp="2023-11-06T16:59:08 EET" skipped="2">
  <testcase classname="workingWithElemenets.WorkingWithExplicitWait" name="tstst" time="5.115"/>
  <system-out/>
  <testcase classname="workingWithElemenets.WorkingWithExplicitWait" name="testExplicitWait">
    <skipped/>
  </testcase> <!-- testExplicitWait -->
  <system-out/>
  <testcase classname="workingWithElemenets.WorkingWithExplicitWait" name="testExplicitWaitAgain">
    <skipped/>
  </testcase> <!-- testExplicitWaitAgain -->
  <system-out/>
</testsuite> <!-- workingWithElemenets.WorkingWithExplicitWait -->
