<?xml version="1.0" encoding="UTF-8"?>
<!-- Generated by org.testng.reporters.JUnitReportReporter -->
<testsuite hostname="RadwaH-HR" failures="0" tests="1" name="workingWithElemenets.WorkingWithJavaScriptAgain" time="3.933" errors="0" timestamp="2023-11-06T20:40:54 EET" skipped="0">
  <testcase classname="workingWithElemenets.WorkingWithJavaScriptAgain" name="testJavaScriptAgain" time="3.933"/>
  <system-out/>
</testsuite> <!-- workingWithElemenets.WorkingWithJavaScriptAgain -->
