<?xml version="1.0" encoding="UTF-8"?>
<!-- Generated by org.testng.reporters.JUnitReportReporter -->
<testsuite hostname="RadwaH-HR" failures="0" tests="1" name="workingWithElemenets.WorkingWithJavaScript" time="0.076" errors="0" timestamp="2023-05-23T14:35:54 EET" skipped="0">
  <testcase classname="workingWithElemenets.WorkingWithJavaScript" name="testJavaScript" time="0.076"/>
  <system-out/>
</testsuite> <!-- workingWithElemenets.WorkingWithJavaScript -->
