<?xml version="1.0" encoding="UTF-8"?>
<!-- Generated by org.testng.reporters.JUnitReportReporter -->
<testsuite hostname="RadwaH-HR" failures="0" tests="2" name="workingWithElemenets.WorkingWithImplicitWait" time="0.385" errors="0" timestamp="2023-11-06T16:21:22 EET" skipped="1">
  <testcase classname="workingWithElemenets.WorkingWithImplicitWait" name="testImplicitWaitAgain" time="0.385"/>
  <system-out/>
  <testcase classname="workingWithElemenets.WorkingWithImplicitWait" name="testImplicitWait">
    <skipped/>
  </testcase> <!-- testImplicitWait -->
  <system-out/>
</testsuite> <!-- workingWithElemenets.WorkingWithImplicitWait -->
