<?xml version="1.0" encoding="UTF-8"?>
<!-- Generated by org.testng.reporters.JUnitReportReporter -->
<testsuite hostname="RadwaH-HR" failures="0" tests="3" name="workingWithElemenets.WorkingWithFrames" time="0.276" errors="0" timestamp="2023-11-06T18:37:11 EET" skipped="0">
  <testcase classname="workingWithElemenets.WorkingWithFrames" name="testFrameWithIndex" time="0.070"/>
  <system-out/>
  <testcase classname="workingWithElemenets.WorkingWithFrames" name="testFrameWithName" time="0.080"/>
  <system-out/>
  <testcase classname="workingWithElemenets.WorkingWithFrames" name="testFrameWithID" time="0.126"/>
  <system-out/>
</testsuite> <!-- workingWithElemenets.WorkingWithFrames -->
