<?xml version="1.0" encoding="UTF-8"?>
<!-- Generated by org.testng.reporters.JUnitReportReporter -->
<testsuite hostname="RadwaH-HR" failures="0" tests="1" name="workingWithElemenets.WorkingWithWebTables" time="0.453" errors="0" timestamp="2023-05-17T15:43:21 EET" skipped="0">
  <testcase classname="workingWithElemenets.WorkingWithWebTables" name="testWebTables" time="0.453"/>
  <system-out/>
</testsuite> <!-- workingWithElemenets.WorkingWithWebTables -->
