<?xml version="1.0" encoding="UTF-8"?>
<!-- Generated by org.testng.reporters.JUnitReportReporter -->
<testsuite hostname="RadwaH-HR" failures="0" tests="1" name="findingElements.FindElementByID" time="0.085" errors="0" timestamp="2023-10-29T20:51:45 EET" skipped="0">
  <testcase classname="findingElements.FindElementByID" name="findElementByID" time="0.085"/>
  <system-out/>
</testsuite> <!-- findingElements.FindElementByID -->
