<?xml version="1.0" encoding="UTF-8"?>
<!-- Generated by org.testng.reporters.JUnitReportReporter -->
<testsuite hostname="RadwaH-HR" failures="0" tests="2" name="workingWithElemenets.WorkingWithDownloadFirefoxOptions" time="5.412" errors="0" timestamp="2023-11-10T18:03:20 EET" skipped="1">
  <testcase classname="workingWithElemenets.WorkingWithDownloadFirefoxOptions" name="testDownloadAgain" time="5.412"/>
  <system-out/>
  <testcase classname="workingWithElemenets.WorkingWithDownloadFirefoxOptions" name="testDownload">
    <skipped/>
  </testcase> <!-- testDownload -->
  <system-out/>
</testsuite> <!-- workingWithElemenets.WorkingWithDownloadFirefoxOptions -->
