<?xml version="1.0" encoding="UTF-8"?>
<!-- Generated by org.testng.reporters.JUnitReportReporter -->
<testsuite hostname="RadwaH-HR" failures="0" tests="1" name="findingElements.FindElementByXpathAgain" time="0.219" errors="0" timestamp="2023-11-01T16:38:35 EET" skipped="0">
  <testcase classname="findingElements.FindElementByXpathAgain" name="testXPATH" time="0.219"/>
  <system-out/>
</testsuite> <!-- findingElements.FindElementByXpathAgain -->
