<?xml version="1.0" encoding="UTF-8"?>
<!-- Generated by org.testng.reporters.JUnitReportReporter -->
<testsuite hostname="RadwaH-HR" failures="0" tests="2" name="workingWithElemenets.WorkingWithFluentWait" time="0.395" errors="0" timestamp="2023-05-22T20:22:02 EET" skipped="1">
  <testcase classname="workingWithElemenets.WorkingWithFluentWait" name="testFluentWait" time="0.395"/>
  <system-out/>
  <testcase classname="workingWithElemenets.WorkingWithFluentWait" name="testFluentWaitAgain">
    <skipped/>
  </testcase> <!-- testFluentWaitAgain -->
  <system-out/>
</testsuite> <!-- workingWithElemenets.WorkingWithFluentWait -->
