<?xml version="1.0" encoding="UTF-8"?>
<!-- Generated by org.testng.reporters.JUnitReportReporter -->
<testsuite hostname="DESKTOP-78H3ES3" failures="0" tests="2" name="workingWithElemenets.DragAndDropWithActions" time="0.281" errors="0" timestamp="2023-11-22T20:40:41 EET" skipped="1">
  <testcase classname="workingWithElemenets.DragAndDropWithActions" name="testdragAndDrop2" time="0.281"/>
  <system-out/>
  <testcase classname="workingWithElemenets.DragAndDropWithActions" name="testdragAndDrop">
    <skipped/>
  </testcase> <!-- testdragAndDrop -->
  <system-out/>
</testsuite> <!-- workingWithElemenets.DragAndDropWithActions -->
