<?xml version="1.0" encoding="UTF-8"?>
<!-- Generated by org.testng.reporters.JUnitReportReporter -->
<testsuite hostname="RadwaH-HR" failures="0" tests="2" name="findingElements.FindElementByLinkText" time="0.099" errors="0" timestamp="2023-10-31T19:57:12 EET" skipped="0">
  <testcase classname="findingElements.FindElementByLinkText" name="findElementByLinkText" time="0.062"/>
  <system-out/>
  <testcase classname="findingElements.FindElementByLinkText" name="findElementByPartialLinkText" time="0.037"/>
  <system-out/>
</testsuite> <!-- findingElements.FindElementByLinkText -->
