<?xml version="1.0" encoding="UTF-8"?>
<!-- Generated by org.testng.reporters.JUnitReportReporter -->
<testsuite hostname="RadwaH-HR" failures="0" tests="1" name="workingWithElemenets.WorkingWithCookies" time="0.822" errors="0" timestamp="2023-05-22T14:30:31 EET" skipped="0">
  <testcase classname="workingWithElemenets.WorkingWithCookies" name="testCookies" time="0.822"/>
  <system-out/>
</testsuite> <!-- workingWithElemenets.WorkingWithCookies -->
