<?xml version="1.0" encoding="UTF-8"?>
<!-- Generated by org.testng.reporters.JUnitReportReporter -->
<testsuite hostname="DESKTOP-78H3ES3" failures="0" tests="1" name="workingWithElemenets.CheckBrokenImages" time="3.097" errors="0" timestamp="2023-11-22T20:40:31 EET" skipped="0">
  <testcase classname="workingWithElemenets.CheckBrokenImages" name="testBrokenImages" time="3.097"/>
  <system-out/>
</testsuite> <!-- workingWithElemenets.CheckBrokenImages -->
