<?xml version="1.0" encoding="UTF-8"?>
<!-- Generated by org.testng.reporters.JUnitReportReporter -->
<testsuite hostname="RadwaH-HR" failures="0" tests="2" name="workingWithElemenets.WorkignWithContextMenu" time="0.416" errors="0" timestamp="2023-11-07T23:42:27 EET" skipped="1">
  <testcase classname="workingWithElemenets.WorkignWithContextMenu" name="testContextMenuAgain" time="0.416"/>
  <system-out/>
  <testcase classname="workingWithElemenets.WorkignWithContextMenu" name="testContextMenu">
    <skipped/>
  </testcase> <!-- testContextMenu -->
  <system-out/>
</testsuite> <!-- workingWithElemenets.WorkignWithContextMenu -->
