<?xml version="1.0" encoding="UTF-8"?>
<!-- Generated by org.testng.reporters.JUnitReportReporter -->
<testsuite hostname="RadwaH-HR" failures="0" tests="1" name="workingWithElemenets.WorkingWithDropDownList" time="7.277" errors="0" timestamp="2023-11-01T18:06:18 EET" skipped="0">
  <testcase classname="workingWithElemenets.WorkingWithDropDownList" name="testDropDownList" time="7.277"/>
  <system-out/>
</testsuite> <!-- workingWithElemenets.WorkingWithDropDownList -->
