<?xml version="1.0" encoding="UTF-8"?>
<!-- Generated by org.testng.reporters.JUnitReportReporter -->
<testsuite hostname="RadwaH-HR" failures="0" tests="2" name="workingWithElemenets.WorkingWithDownloadChromeOptions" time="0.640" errors="0" timestamp="2023-11-10T18:09:54 EET" skipped="1">
  <testcase classname="workingWithElemenets.WorkingWithDownloadChromeOptions" name="testUploadFileAgain" time="0.640"/>
  <system-out/>
  <testcase classname="workingWithElemenets.WorkingWithDownloadChromeOptions" name="testUploadFile">
    <skipped/>
  </testcase> <!-- testUploadFile -->
  <system-out/>
</testsuite> <!-- workingWithElemenets.WorkingWithDownloadChromeOptions -->
