<?xml version="1.0" encoding="UTF-8"?>
<!-- Generated by org.testng.reporters.JUnitReportReporter -->
<testsuite hostname="RadwaH-HR" failures="0" tests="1" name="findingElements.FindElementByCSSSelector" time="0.095" errors="0" timestamp="2023-10-31T21:07:06 EET" skipped="0">
  <testcase classname="findingElements.FindElementByCSSSelector" name="findElementByName" time="0.095"/>
  <system-out/>
</testsuite> <!-- findingElements.FindElementByCSSSelector -->
