<?xml version="1.0" encoding="UTF-8"?>
<!-- Generated by org.testng.reporters.JUnitReportReporter -->
<testsuite hostname="RadwaH-HR" failures="0" tests="1" name="findingElements.FindElementByXpath" time="1.185" errors="0" timestamp="2023-11-01T16:35:05 EET" skipped="0">
  <testcase classname="findingElements.FindElementByXpath" name="findElementByXpath" time="1.185"/>
  <system-out/>
</testsuite> <!-- findingElements.FindElementByXpath -->
