<?xml version="1.0" encoding="UTF-8"?>
<!-- Generated by org.testng.reporters.JUnitReportReporter -->
<testsuite hostname="RadwaH-HR" failures="0" tests="1" name="workingWithElemenets.WorkingWithTextBoxAndButtons1" time="6.312" errors="0" timestamp="2023-11-01T17:35:11 EET" skipped="0">
  <testcase classname="workingWithElemenets.WorkingWithTextBoxAndButtons1" name="pharmacyLogin" time="6.312"/>
  <system-out/>
</testsuite> <!-- workingWithElemenets.WorkingWithTextBoxAndButtons1 -->
