<?xml version="1.0" encoding="UTF-8"?>
<!-- Generated by org.testng.reporters.JUnitReportReporter -->
<testsuite hostname="RadwaH-HR" failures="0" tests="1" name="findingElements.FindElementByName" time="0.075" errors="0" timestamp="2023-10-29T21:29:33 EET" skipped="0">
  <testcase classname="findingElements.FindElementByName" name="findElementByName" time="0.075"/>
  <system-out/>
</testsuite> <!-- findingElements.FindElementByName -->
