<?xml version="1.0" encoding="UTF-8"?>
<!-- Generated by org.testng.reporters.JUnitReportReporter -->
<testsuite hostname="RadwaH-HR" failures="0" tests="2" name="workingWithElemenets.WorkingWithConfirmAndDismissAlert" time="0.234" errors="0" timestamp="2023-11-02T20:08:43 EET" skipped="0">
  <testcase classname="workingWithElemenets.WorkingWithConfirmAndDismissAlert" name="testconfirmAlert" time="0.143"/>
  <system-out/>
  <testcase classname="workingWithElemenets.WorkingWithConfirmAndDismissAlert" name="testdismissAlert" time="0.091"/>
  <system-out/>
</testsuite> <!-- workingWithElemenets.WorkingWithConfirmAndDismissAlert -->
