<?xml version="1.0" encoding="UTF-8"?>
<!-- Generated by org.testng.reporters.JUnitReportReporter -->
<testsuite hostname="RadwaH-HR" failures="0" tests="1" name="findingElements.FindElementByClassName" time="0.081" errors="0" timestamp="2023-10-31T19:33:14 EET" skipped="0">
  <testcase classname="findingElements.FindElementByClassName" name="findElementByClassName" time="0.081"/>
  <system-out/>
</testsuite> <!-- findingElements.FindElementByClassName -->
