<?xml version="1.0" encoding="UTF-8"?>
<!-- Generated by org.testng.reporters.JUnitReportReporter -->
<testsuite hostname="RadwaH-HR" failures="0" tests="1" name="findingElements.FindElementInTableByTagName" time="0.070" errors="0" timestamp="2023-10-31T20:19:25 EET" skipped="0">
  <testcase classname="findingElements.FindElementInTableByTagName" name="findElementInTableByTagName" time="0.070"/>
  <system-out/>
</testsuite> <!-- findingElements.FindElementInTableByTagName -->
