<?xml version="1.0" encoding="UTF-8"?>
<!-- Generated by org.testng.reporters.JUnitReportReporter -->
<testsuite hostname="RadwaH-HR" failures="0" tests="2" name="workingWithElemenets.WorkingJavaScriptAlert" time="0.137" errors="0" timestamp="2023-11-02T19:59:55 EET" skipped="1">
  <testcase classname="workingWithElemenets.WorkingJavaScriptAlert" name="testAlert" time="0.137"/>
  <system-out/>
  <testcase classname="workingWithElemenets.WorkingJavaScriptAlert" name="testAlertt">
    <skipped/>
  </testcase> <!-- testAlertt -->
  <system-out/>
</testsuite> <!-- workingWithElemenets.WorkingJavaScriptAlert -->
