<?xml version="1.0" encoding="UTF-8"?>
<!-- Generated by org.testng.reporters.JUnitReportReporter -->
<testsuite hostname="RadwaH-HR" failures="0" tests="2" name="workingWithElemenets.WorkingWithCheckBox" time="0.253" errors="0" timestamp="2023-11-02T16:48:15 EET" skipped="1">
  <testcase classname="workingWithElemenets.WorkingWithCheckBox" name="testCheckboxAgain" time="0.253"/>
  <system-out/>
  <testcase classname="workingWithElemenets.WorkingWithCheckBox" name="testCheckbox">
    <skipped/>
  </testcase> <!-- testCheckbox -->
  <system-out/>
</testsuite> <!-- workingWithElemenets.WorkingWithCheckBox -->
