<?xml version="1.0" encoding="UTF-8"?>
<!-- Generated by org.testng.reporters.JUnitReportReporter -->
<testsuite hostname="RadwaH-HR" failures="0" tests="1" name="findingElements.testWindowCommands" time="1.391" errors="0" timestamp="2023-11-01T16:47:53 EET" skipped="0">
  <testcase classname="findingElements.testWindowCommands" name="testCommands" time="1.391"/>
  <system-out/>
</testsuite> <!-- findingElements.testWindowCommands -->
