<?xml version="1.0" encoding="UTF-8"?>
<!-- Generated by org.testng.reporters.JUnitReportReporter -->
<testsuite hostname="RadwaH-HR" failures="0" tests="2" name="workingWithElemenets.WorkingWithUploadingFile" time="1.378" errors="0" timestamp="2023-11-10T17:18:04 EET" skipped="1">
  <testcase classname="workingWithElemenets.WorkingWithUploadingFile" name="testUploadd" time="1.378"/>
  <system-out/>
  <testcase classname="workingWithElemenets.WorkingWithUploadingFile" name="testUploadFileAgain">
    <skipped/>
  </testcase> <!-- testUploadFileAgain -->
  <system-out/>
</testsuite> <!-- workingWithElemenets.WorkingWithUploadingFile -->
