<?xml version="1.0" encoding="UTF-8"?>
<!-- Generated by org.testng.reporters.JUnitReportReporter -->
<testsuite hostname="RadwaH-HR" failures="0" tests="2" name="workingWithElemenets.WorkingWithUploadingFileWithROBOT" time="13.652" errors="0" timestamp="2023-11-10T17:42:28 EET" skipped="1">
  <testcase classname="workingWithElemenets.WorkingWithUploadingFileWithROBOT" name="testUploadFileAgain" time="13.652"/>
  <system-out/>
  <testcase classname="workingWithElemenets.WorkingWithUploadingFileWithROBOT" name="testUploadFile">
    <skipped/>
  </testcase> <!-- testUploadFile -->
  <system-out/>
</testsuite> <!-- workingWithElemenets.WorkingWithUploadingFileWithROBOT -->
