<?xml version="1.0" encoding="UTF-8"?>
<!-- Generated by org.testng.reporters.JUnitReportReporter -->
<testsuite hostname="RadwaH-HR" failures="0" tests="1" name="workingWithElemenets.WorkingWithTextBoxAndButtons2" time="4.618" errors="0" timestamp="2023-11-01T17:47:49 EET" skipped="0">
  <testcase classname="workingWithElemenets.WorkingWithTextBoxAndButtons2" name="searchFor" time="4.618"/>
  <system-out/>
</testsuite> <!-- workingWithElemenets.WorkingWithTextBoxAndButtons2 -->
