<?xml version="1.0" encoding="UTF-8"?>
<!-- Generated by org.testng.reporters.JUnitReportReporter -->
<testsuite hostname="RadwaH-HR" failures="0" tests="1" name="task.UploadTest" time="6.943" errors="0" timestamp="2023-10-26T17:04:34 EET" skipped="0">
  <testcase classname="task.UploadTest" name="testUploadFile" time="6.943"/>
  <system-out/>
</testsuite> <!-- task.UploadTest -->
