<?xml version="1.0" encoding="UTF-8"?>
<!-- Generated by org.testng.reporters.JUnitReportReporter -->
<testsuite hostname="RadwaH-HR" failures="0" tests="1" name="workingWithElemenets.TestHTML5Canvas" time="4.520" errors="0" timestamp="2023-11-10T20:02:56 EET" skipped="0">
  <testcase classname="workingWithElemenets.TestHTML5Canvas" name="testVideoPlayer" time="4.520"/>
  <system-out/>
</testsuite> <!-- workingWithElemenets.TestHTML5Canvas -->
