<?xml version="1.0" encoding="UTF-8"?>
<!-- Generated by org.testng.reporters.JUnitReportReporter -->
<testsuite hostname="RadwaH-HR" failures="0" tests="1" name="workingWithElemenets.ScrollToBottomUsingJavaScript" time="3.193" errors="0" timestamp="2023-05-23T16:35:10 EET" skipped="0">
  <testcase classname="workingWithElemenets.ScrollToBottomUsingJavaScript" name="testScrollingByJavaScript" time="3.193"/>
  <system-out/>
</testsuite> <!-- workingWithElemenets.ScrollToBottomUsingJavaScript -->
